<?xml version="1.0" encoding="UTF-8"?>
<testng-results skipped="0" failed="0" total="6" passed="6">
  <reporter-output>
  </reporter-output>
  <suite name="Suite" duration-ms="181451" started-at="2020-09-06T10:44:39Z" finished-at="2020-09-06T10:47:40Z">
    <groups>
    </groups>
    <test name="Test" duration-ms="181451" started-at="2020-09-06T10:44:39Z" finished-at="2020-09-06T10:47:40Z">
      <class name="com.tests.web.HomePageTest">
        <test-method status="PASS" signature="OpenProductHelpMenu()[pri:0, instance:com.tests.web.HomePageTest@4c60d6e9]" name="OpenProductHelpMenu" duration-ms="109" started-at="2020-09-06T16:17:00Z" description="Open Product help menu" finished-at="2020-09-06T16:17:00Z">
          <reporter-output>
          </reporter-output>
        </test-method> <!-- OpenProductHelpMenu -->
        <test-method status="PASS" signature="OpenAboutProductPopUp()[pri:0, instance:com.tests.web.HomePageTest@4c60d6e9]" name="OpenAboutProductPopUp" duration-ms="1715" started-at="2020-09-06T16:17:01Z" description="Open product about PopUp" finished-at="2020-09-06T16:17:02Z">
          <reporter-output>
          </reporter-output>
        </test-method> <!-- OpenAboutProductPopUp -->
        <test-method status="PASS" signature="CloseAboutProductPopUp()[pri:0, instance:com.tests.web.HomePageTest@4c60d6e9]" name="CloseAboutProductPopUp" duration-ms="189" started-at="2020-09-06T16:17:03Z" description="Close product about PopUp" finished-at="2020-09-06T16:17:03Z">
          <reporter-output>
          </reporter-output>
        </test-method> <!-- CloseAboutProductPopUp -->
        <test-method status="PASS" signature="LogoutApplication()[pri:0, instance:com.tests.web.HomePageTest@4c60d6e9]" name="LogoutApplication" duration-ms="36815" started-at="2020-09-06T16:17:03Z" description="Logout" finished-at="2020-09-06T16:17:40Z">
          <reporter-output>
          </reporter-output>
        </test-method> <!-- LogoutApplication -->
      </class> <!-- com.tests.web.HomePageTest -->
      <class name="com.tests.web.LoginPageTest">
        <test-method status="PASS" signature="OpenLoginPageTest()[pri:0, instance:com.tests.web.LoginPageTest@53045c6c]" name="OpenLoginPageTest" duration-ms="42462" started-at="2020-09-06T16:14:39Z" description="Open Login Page" finished-at="2020-09-06T16:15:21Z">
          <reporter-output>
          </reporter-output>
        </test-method> <!-- OpenLoginPageTest -->
        <test-method status="PASS" signature="CheckLoginDetails(java.lang.String, java.lang.String)[pri:0, instance:com.tests.web.LoginPageTest@53045c6c]" name="CheckLoginDetails" duration-ms="97988" started-at="2020-09-06T16:15:22Z" description="Login" data-provider="LoginDP" finished-at="2020-09-06T16:17:00Z">
          <params>
            <param index="0">
              <value>
                <![CDATA[nanithiya@gmail.com]]>
              </value>
            </param>
            <param index="1">
              <value>
                <![CDATA[Test.12345]]>
              </value>
            </param>
          </params>
          <reporter-output>
          </reporter-output>
        </test-method> <!-- CheckLoginDetails -->
      </class> <!-- com.tests.web.LoginPageTest -->
    </test> <!-- Test -->
  </suite> <!-- Suite -->
</testng-results>
